

Version:	3.14
CmdLine:	C:\Users\Jayden\Desktop\Projects\VS\BrawlhallaModTools\SmartSprite\SmartSprite.exe --l4j-debug
WOW64:		yes
Working dir:	C:\Users\Jayden\Desktop\Projects\VS\BrawlhallaModTools\SmartSprite\.
Java min ver:	1.008.000
Java max ver:	1.009.000
64-bit search:	SOFTWARE\JavaSoft\Java Runtime Environment...
Check:		SOFTWARE\JavaSoft\Java Runtime Environment\1.8
Check launcher:	C:\Program Files\Java\jre1.8.0_281\bin\javaw.exe (OK)
Match:		1.008.000
Check:		SOFTWARE\JavaSoft\Java Runtime Environment\1.8.0_281
Check launcher:	C:\Program Files\Java\jre1.8.0_281\bin\javaw.exe (OK)
Match:		1.008.000_281
64-bit search:	SOFTWARE\JavaSoft\Java Development Kit...
Check:		SOFTWARE\JavaSoft\Java Development Kit\1.8
Ignore:		1.008.000
Check:		SOFTWARE\JavaSoft\Java Development Kit\8.0.282.8
Warning:	formatJavaVersion() too many parts added.
Check launcher:	C:\Program Files\AdoptOpenJDK\jdk-8.0.282.8-hotspot\bin\javaw.exe (OK)
Match:		1.008.000_282
64-bit search:	SOFTWARE\JavaSoft\JRE...
64-bit search:	SOFTWARE\JavaSoft\JDK...
Check:		SOFTWARE\JavaSoft\JDK\15
Ignore:		1.015.000
Check:		SOFTWARE\JavaSoft\JDK\15.0.2.7
Warning:	formatJavaVersion() too many parts added.
Ignore:		1.015.000_002
Runtime used:	1.008.000_282 (64-bit)
Launcher:	C:\Program Files\AdoptOpenJDK\jdk-8.0.282.8-hotspot\bin\javaw.exe
Launcher args:	-jar "C:\Users\Jayden\Desktop\Projects\VS\BrawlhallaModTools\SmartSprite\SmartSprite.exe"
Args length:	89/32768 chars
Exit code:	259


Version:	3.14
CmdLine:	C:\Users\Jayden\Desktop\Projects\VS\BrawlhallaModTools\SmartSprite\SmartSprite.exe --l4j-debug
WOW64:		yes
Working dir:	C:\Users\Jayden\Desktop\Projects\VS\BrawlhallaModTools\SmartSprite\.
Java min ver:	1.008.000
Java max ver:	1.009.000
64-bit search:	SOFTWARE\JavaSoft\Java Runtime Environment...
Check:		SOFTWARE\JavaSoft\Java Runtime Environment\1.8
Check launcher:	C:\Program Files\Java\jre1.8.0_281\bin\javaw.exe (OK)
Match:		1.008.000
Check:		SOFTWARE\JavaSoft\Java Runtime Environment\1.8.0_281
Check launcher:	C:\Program Files\Java\jre1.8.0_281\bin\javaw.exe (OK)
Match:		1.008.000_281
64-bit search:	SOFTWARE\JavaSoft\Java Development Kit...
Check:		SOFTWARE\JavaSoft\Java Development Kit\1.8
Ignore:		1.008.000
Check:		SOFTWARE\JavaSoft\Java Development Kit\8.0.282.8
Warning:	formatJavaVersion() too many parts added.
Check launcher:	C:\Program Files\AdoptOpenJDK\jdk-8.0.282.8-hotspot\bin\javaw.exe (OK)
Match:		1.008.000_282
64-bit search:	SOFTWARE\JavaSoft\JRE...
64-bit search:	SOFTWARE\JavaSoft\JDK...
Check:		SOFTWARE\JavaSoft\JDK\15
Ignore:		1.015.000
Check:		SOFTWARE\JavaSoft\JDK\15.0.2.7
Warning:	formatJavaVersion() too many parts added.
Ignore:		1.015.000_002
Runtime used:	1.008.000_282 (64-bit)
Launcher:	C:\Program Files\AdoptOpenJDK\jdk-8.0.282.8-hotspot\bin\javaw.exe
Launcher args:	-jar "C:\Users\Jayden\Desktop\Projects\VS\BrawlhallaModTools\SmartSprite\SmartSprite.exe"
Args length:	89/32768 chars
Exit code:	259


Version:	3.14
CmdLine:	C:\Users\Jayden\Desktop\Projects\VS\BrawlhallaModTools\SmartSprite\SmartSprite.exe --l4j-debug
WOW64:		yes
Working dir:	C:\Users\Jayden\Desktop\Projects\VS\BrawlhallaModTools\SmartSprite\.
Java min ver:	1.008.000
Java max ver:	1.009.000
64-bit search:	SOFTWARE\JavaSoft\Java Runtime Environment...
Check:		SOFTWARE\JavaSoft\Java Runtime Environment\1.8
Check launcher:	C:\Program Files\Java\jre1.8.0_281\bin\javaw.exe (OK)
Match:		1.008.000
Check:		SOFTWARE\JavaSoft\Java Runtime Environment\1.8.0_281
Check launcher:	C:\Program Files\Java\jre1.8.0_281\bin\javaw.exe (OK)
Match:		1.008.000_281
64-bit search:	SOFTWARE\JavaSoft\Java Development Kit...
Check:		SOFTWARE\JavaSoft\Java Development Kit\1.8
Ignore:		1.008.000
Check:		SOFTWARE\JavaSoft\Java Development Kit\8.0.282.8
Warning:	formatJavaVersion() too many parts added.
Check launcher:	C:\Program Files\AdoptOpenJDK\jdk-8.0.282.8-hotspot\bin\javaw.exe (OK)
Match:		1.008.000_282
64-bit search:	SOFTWARE\JavaSoft\JRE...
64-bit search:	SOFTWARE\JavaSoft\JDK...
Check:		SOFTWARE\JavaSoft\JDK\15
Ignore:		1.015.000
Check:		SOFTWARE\JavaSoft\JDK\15.0.2.7
Warning:	formatJavaVersion() too many parts added.
Ignore:		1.015.000_002
Runtime used:	1.008.000_282 (64-bit)
Launcher:	C:\Program Files\AdoptOpenJDK\jdk-8.0.282.8-hotspot\bin\javaw.exe
Launcher args:	-jar "C:\Users\Jayden\Desktop\Projects\VS\BrawlhallaModTools\SmartSprite\SmartSprite.exe"
Args length:	89/32768 chars
Exit code:	259


Version:	3.14
CmdLine:	C:\Users\Jayden\Desktop\Projects\VS\BrawlhallaModTools\AutoMod\AutoMod.exe --l4j-debug
WOW64:		yes
Working dir:	C:\Users\Jayden\Desktop\Projects\VS\BrawlhallaModTools\AutoMod\.
Java min ver:	1.008.000
Java max ver:	1.009.000
64-bit search:	SOFTWARE\JavaSoft\Java Runtime Environment...
Check:		SOFTWARE\JavaSoft\Java Runtime Environment\1.8
Check launcher:	C:\Program Files\Java\jre1.8.0_281\bin\javaw.exe (OK)
Match:		1.008.000
Check:		SOFTWARE\JavaSoft\Java Runtime Environment\1.8.0_281
Check launcher:	C:\Program Files\Java\jre1.8.0_281\bin\javaw.exe (OK)
Match:		1.008.000_281
64-bit search:	SOFTWARE\JavaSoft\Java Development Kit...
Check:		SOFTWARE\JavaSoft\Java Development Kit\1.8
Ignore:		1.008.000
Check:		SOFTWARE\JavaSoft\Java Development Kit\8.0.282.8
Warning:	formatJavaVersion() too many parts added.
Check launcher:	C:\Program Files\AdoptOpenJDK\jdk-8.0.282.8-hotspot\bin\javaw.exe (OK)
Match:		1.008.000_282
64-bit search:	SOFTWARE\JavaSoft\JRE...
64-bit search:	SOFTWARE\JavaSoft\JDK...
Check:		SOFTWARE\JavaSoft\JDK\15
Ignore:		1.015.000
Check:		SOFTWARE\JavaSoft\JDK\15.0.2.7
Warning:	formatJavaVersion() too many parts added.
Ignore:		1.015.000_002
Runtime used:	1.008.000_282 (64-bit)
Launcher:	C:\Program Files\AdoptOpenJDK\jdk-8.0.282.8-hotspot\bin\javaw.exe
Launcher args:	-jar "C:\Users\Jayden\Desktop\Projects\VS\BrawlhallaModTools\AutoMod\AutoMod.exe"
Args length:	81/32768 chars
Exit code:	259


Version:	3.14
CmdLine:	C:\Users\Jayden\Desktop\Projects\VS\BrawlhallaModTools\AutoMod\AutoMod.exe --l4j-debug
WOW64:		yes
Working dir:	C:\Users\Jayden\Desktop\Projects\VS\BrawlhallaModTools\AutoMod\.
Java min ver:	1.008.000
Java max ver:	1.009.000
64-bit search:	SOFTWARE\JavaSoft\Java Runtime Environment...
Check:		SOFTWARE\JavaSoft\Java Runtime Environment\1.8
Check launcher:	C:\Program Files\Java\jre1.8.0_281\bin\javaw.exe (OK)
Match:		1.008.000
Check:		SOFTWARE\JavaSoft\Java Runtime Environment\1.8.0_281
Check launcher:	C:\Program Files\Java\jre1.8.0_281\bin\javaw.exe (OK)
Match:		1.008.000_281
64-bit search:	SOFTWARE\JavaSoft\Java Development Kit...
Check:		SOFTWARE\JavaSoft\Java Development Kit\1.8
Ignore:		1.008.000
Check:		SOFTWARE\JavaSoft\Java Development Kit\8.0.282.8
Warning:	formatJavaVersion() too many parts added.
Check launcher:	C:\Program Files\AdoptOpenJDK\jdk-8.0.282.8-hotspot\bin\javaw.exe (OK)
Match:		1.008.000_282
64-bit search:	SOFTWARE\JavaSoft\JRE...
64-bit search:	SOFTWARE\JavaSoft\JDK...
Check:		SOFTWARE\JavaSoft\JDK\15
Ignore:		1.015.000
Check:		SOFTWARE\JavaSoft\JDK\15.0.2.7
Warning:	formatJavaVersion() too many parts added.
Ignore:		1.015.000_002
Runtime used:	1.008.000_282 (64-bit)
Launcher:	C:\Program Files\AdoptOpenJDK\jdk-8.0.282.8-hotspot\bin\javaw.exe
Launcher args:	-jar "C:\Users\Jayden\Desktop\Projects\VS\BrawlhallaModTools\AutoMod\AutoMod.exe"
Args length:	81/32768 chars
Exit code:	259


Version:	3.14
CmdLine:	C:\Users\Jayden\Desktop\Projects\VS\BrawlhallaModTools\AutoMod\AutoMod.exe --l4j-debug
WOW64:		yes
Working dir:	C:\Users\Jayden\Desktop\Projects\VS\BrawlhallaModTools\AutoMod\.
Java min ver:	1.008.000
Java max ver:	1.009.000
64-bit search:	SOFTWARE\JavaSoft\Java Runtime Environment...
Check:		SOFTWARE\JavaSoft\Java Runtime Environment\1.8
Check launcher:	C:\Program Files\Java\jre1.8.0_281\bin\javaw.exe (OK)
Match:		1.008.000
Check:		SOFTWARE\JavaSoft\Java Runtime Environment\1.8.0_281
Check launcher:	C:\Program Files\Java\jre1.8.0_281\bin\javaw.exe (OK)
Match:		1.008.000_281
64-bit search:	SOFTWARE\JavaSoft\Java Development Kit...
Check:		SOFTWARE\JavaSoft\Java Development Kit\1.8
Ignore:		1.008.000
Check:		SOFTWARE\JavaSoft\Java Development Kit\8.0.282.8
Warning:	formatJavaVersion() too many parts added.
Check launcher:	C:\Program Files\AdoptOpenJDK\jdk-8.0.282.8-hotspot\bin\javaw.exe (OK)
Match:		1.008.000_282
64-bit search:	SOFTWARE\JavaSoft\JRE...
64-bit search:	SOFTWARE\JavaSoft\JDK...
Check:		SOFTWARE\JavaSoft\JDK\15
Ignore:		1.015.000
Check:		SOFTWARE\JavaSoft\JDK\15.0.2.7
Warning:	formatJavaVersion() too many parts added.
Ignore:		1.015.000_002
Runtime used:	1.008.000_282 (64-bit)
Launcher:	C:\Program Files\AdoptOpenJDK\jdk-8.0.282.8-hotspot\bin\javaw.exe
Launcher args:	-jar "C:\Users\Jayden\Desktop\Projects\VS\BrawlhallaModTools\AutoMod\AutoMod.exe"
Args length:	81/32768 chars
Exit code:	259


Version:	3.14
CmdLine:	C:\Users\Jayden\Desktop\Projects\VS\BrawlhallaModTools\AutoMod\AutoMod.exe --l4j-debug
WOW64:		yes
Working dir:	C:\Users\Jayden\Desktop\Projects\VS\BrawlhallaModTools\AutoMod\.
Java min ver:	1.008.000
Java max ver:	1.009.000
64-bit search:	SOFTWARE\JavaSoft\Java Runtime Environment...
Check:		SOFTWARE\JavaSoft\Java Runtime Environment\1.8
Check launcher:	C:\Program Files\Java\jre1.8.0_281\bin\javaw.exe (OK)
Match:		1.008.000
Check:		SOFTWARE\JavaSoft\Java Runtime Environment\1.8.0_281
Check launcher:	C:\Program Files\Java\jre1.8.0_281\bin\javaw.exe (OK)
Match:		1.008.000_281
64-bit search:	SOFTWARE\JavaSoft\Java Development Kit...
Check:		SOFTWARE\JavaSoft\Java Development Kit\1.8
Ignore:		1.008.000
Check:		SOFTWARE\JavaSoft\Java Development Kit\8.0.282.8
Warning:	formatJavaVersion() too many parts added.
Check launcher:	C:\Program Files\AdoptOpenJDK\jdk-8.0.282.8-hotspot\bin\javaw.exe (OK)
Match:		1.008.000_282
64-bit search:	SOFTWARE\JavaSoft\JRE...
64-bit search:	SOFTWARE\JavaSoft\JDK...
Check:		SOFTWARE\JavaSoft\JDK\15
Ignore:		1.015.000
Check:		SOFTWARE\JavaSoft\JDK\15.0.2.7
Warning:	formatJavaVersion() too many parts added.
Ignore:		1.015.000_002
Runtime used:	1.008.000_282 (64-bit)
Launcher:	C:\Program Files\AdoptOpenJDK\jdk-8.0.282.8-hotspot\bin\javaw.exe
Launcher args:	-jar "C:\Users\Jayden\Desktop\Projects\VS\BrawlhallaModTools\AutoMod\AutoMod.exe"
Args length:	81/32768 chars
Exit code:	259
